04-05-2026 16:08:18-log: Cannot access game frame or container.
04-05-2026 16:08:18-debug: asset-db:require-engine-code (514ms)
04-05-2026 16:08:18-log: meshopt wasm decoder initialized
04-05-2026 16:08:18-log: [box2d]:box2d wasm lib loaded.
04-05-2026 16:08:18-log: [bullet]:bullet wasm lib loaded.
04-05-2026 16:08:18-log: Cocos Creator v3.8.8
04-05-2026 16:08:18-log: Using legacy pipeline
04-05-2026 16:08:18-log: Forward render pipeline initialized.
04-05-2026 16:08:18-debug: [Assets Memory track]: asset-db:worker-init: initEngine start:30.36MB, end 116.86MB, increase: 86.51MB
04-05-2026 16:08:19-debug: [Assets Memory track]: asset-db:worker-init: initPlugin start:78.57MB, end 273.50MB, increase: 194.93MB
04-05-2026 16:08:19-debug: run package(linux) handler(enable) start
04-05-2026 16:08:19-debug: run package(migu-mini-game) handler(enable) success!
04-05-2026 16:08:19-debug: run package(mac) handler(enable) start
04-05-2026 16:08:19-debug: run package(native) handler(enable) success!
04-05-2026 16:08:19-debug: run package(mac) handler(enable) success!
04-05-2026 16:08:19-debug: run package(ohos) handler(enable) success!
04-05-2026 16:08:19-debug: run package(oppo-mini-game) handler(enable) start
04-05-2026 16:08:19-debug: run package(oppo-mini-game) handler(enable) success!
04-05-2026 16:08:19-debug: run package(runtime-dev-tools) handler(enable) start
04-05-2026 16:08:19-debug: run package(runtime-dev-tools) handler(enable) success!
04-05-2026 16:08:19-debug: run package(taobao-mini-game) handler(enable) start
04-05-2026 16:08:19-debug: run package(ohos) handler(enable) start
04-05-2026 16:08:19-debug: run package(migu-mini-game) handler(enable) start
04-05-2026 16:08:19-debug: run package(vivo-mini-game) handler(enable) start
04-05-2026 16:08:19-debug: run package(vivo-mini-game) handler(enable) success!
04-05-2026 16:08:19-debug: run package(web-desktop) handler(enable) start
04-05-2026 16:08:19-debug: run package(web-desktop) handler(enable) success!
04-05-2026 16:08:19-debug: run package(web-mobile) handler(enable) start
04-05-2026 16:08:19-debug: run package(web-mobile) handler(enable) success!
04-05-2026 16:08:19-debug: run package(wechatgame) handler(enable) success!
04-05-2026 16:08:19-debug: run package(wechatgame) handler(enable) start
04-05-2026 16:08:19-debug: run package(wechatprogram) handler(enable) success!
04-05-2026 16:08:19-debug: run package(wechatprogram) handler(enable) start
04-05-2026 16:08:19-debug: run package(windows) handler(enable) start
04-05-2026 16:08:19-debug: run package(windows) handler(enable) success!
04-05-2026 16:08:19-debug: run package(xiaomi-quick-game) handler(enable) start
04-05-2026 16:08:19-debug: run package(native) handler(enable) start
04-05-2026 16:08:19-debug: run package(cocos-service) handler(enable) start
04-05-2026 16:08:19-debug: run package(cocos-service) handler(enable) success!
04-05-2026 16:08:19-debug: run package(im-plugin) handler(enable) start
04-05-2026 16:08:19-debug: run package(im-plugin) handler(enable) success!
04-05-2026 16:08:19-debug: run package(placeholder) handler(enable) start
04-05-2026 16:08:19-debug: run package(placeholder) handler(enable) success!
04-05-2026 16:08:19-debug: run package(xiaomi-quick-game) handler(enable) success!
04-05-2026 16:08:19-debug: run package(taobao-mini-game) handler(enable) success!
04-05-2026 16:08:19-debug: run package(linux) handler(enable) success!
04-05-2026 16:08:19-debug: asset-db:worker-init: initPlugin (1166ms)
04-05-2026 16:08:19-debug: [Assets Memory track]: asset-db:worker-init start:30.35MB, end 274.92MB, increase: 244.57MB
04-05-2026 16:08:19-debug: Run asset db hook engine-extends:beforePreStart success!
04-05-2026 16:08:19-debug: Run asset db hook programming:beforePreStart ...
04-05-2026 16:08:19-debug: Run asset db hook programming:beforePreStart success!
04-05-2026 16:08:19-debug: Run asset db hook engine-extends:beforePreStart ...
04-05-2026 16:08:19-debug: asset-db:worker-init (1810ms)
04-05-2026 16:08:19-debug: asset-db-hook-programming-beforePreStart (60ms)
04-05-2026 16:08:19-debug: asset-db-hook-engine-extends-beforePreStart (60ms)
04-05-2026 16:08:19-debug: Preimport db internal success
04-05-2026 16:08:19-debug: %cImport%c: /Users/nandan/Desktop/NKB_games/Cocos_Section/CocosCricketX/assets/CricketXbackground: #aaff85; color: #000;color: #000;
04-05-2026 16:08:19-debug: Preimport db assets success
04-05-2026 16:08:19-debug: Run asset db hook programming:afterPreStart ...
04-05-2026 16:08:19-debug: starting packer-driver...
04-05-2026 16:08:19-debug: initialize scripting environment...
04-05-2026 16:08:19-debug: [[Executor]] prepare before lock
04-05-2026 16:08:19-debug: Set detail map pack:///resolution-detail-map.json: {}
04-05-2026 16:08:20-debug: [[Executor]] prepare after unlock
04-05-2026 16:08:20-debug: Run asset db hook programming:afterPreStart success!
04-05-2026 16:08:20-debug: Start up the 'internal' database...
04-05-2026 16:08:20-debug: Run asset db hook engine-extends:afterPreStart success!
04-05-2026 16:08:20-debug: [Assets Memory track]: asset-db:worker-init: preStart start:274.93MB, end 277.03MB, increase: 2.10MB
04-05-2026 16:08:20-debug: Run asset db hook engine-extends:afterPreStart ...
04-05-2026 16:08:20-debug: asset-db-hook-programming-afterPreStart (422ms)
04-05-2026 16:08:20-debug: asset-db:worker-effect-data-processing (167ms)
04-05-2026 16:08:20-debug: asset-db-hook-engine-extends-afterPreStart (167ms)
04-05-2026 16:08:20-debug: Run asset db hook engine-extends:afterStartDB ...
04-05-2026 16:08:20-debug: recompile effect.bin success
04-05-2026 16:08:20-debug: Start up the 'assets' database...
04-05-2026 16:08:20-debug: Run asset db hook engine-extends:afterStartDB success!
04-05-2026 16:08:20-debug: asset-db:worker-effect-data-processing (175ms)
04-05-2026 16:08:20-debug: asset-db-hook-engine-extends-afterStartDB (175ms)
04-05-2026 16:08:20-debug: %cImport%c: /Users/nandan/Desktop/NKB_games/Cocos_Section/CocosCricketX/assets/CricketX/cricket2.pngbackground: #aaff85; color: #000;color: #000;
04-05-2026 16:08:20-debug: %cImport%c: /Users/nandan/Desktop/NKB_games/Cocos_Section/CocosCricketX/assets/CricketX/cricket5.pngbackground: #aaff85; color: #000;color: #000;
04-05-2026 16:08:20-debug: %cImport%c: /Users/nandan/Desktop/NKB_games/Cocos_Section/CocosCricketX/assets/CricketX/cricket5.png@6c48abackground: #aaff85; color: #000;color: #000;
04-05-2026 16:08:20-debug: %cImport%c: /Users/nandan/Desktop/NKB_games/Cocos_Section/CocosCricketX/assets/CricketX/cricket2.png@6c48abackground: #aaff85; color: #000;color: #000;
04-05-2026 16:08:20-debug: %cImport%c: /Users/nandan/Desktop/NKB_games/Cocos_Section/CocosCricketX/assets/CricketX/cricket5.png@f9941background: #aaff85; color: #000;color: #000;
04-05-2026 16:08:20-debug: %cImport%c: /Users/nandan/Desktop/NKB_games/Cocos_Section/CocosCricketX/assets/CricketX/cricket2.png@f9941background: #aaff85; color: #000;color: #000;
04-05-2026 16:08:20-debug: %cImport%c: /Users/nandan/Desktop/NKB_games/Cocos_Section/CocosCricketX/assets/CricketX/cricket.jsonbackground: #aaff85; color: #000;color: #000;
04-05-2026 16:08:20-log: UUID is initialized for /Users/nandan/Desktop/NKB_games/Cocos_Section/CocosCricketX/assets/CricketX/cricket.png.
04-05-2026 16:08:20-log: UUID is initialized for /Users/nandan/Desktop/NKB_games/Cocos_Section/CocosCricketX/assets/CricketX/cricket5.png.
04-05-2026 16:08:20-log: UUID is initialized for /Users/nandan/Desktop/NKB_games/Cocos_Section/CocosCricketX/assets/CricketX/cricket6.png.
04-05-2026 16:08:20-log: UUID is initialized for /Users/nandan/Desktop/NKB_games/Cocos_Section/CocosCricketX/assets/CricketX/cricket7.png.
04-05-2026 16:08:20-log: UUID is initialized for /Users/nandan/Desktop/NKB_games/Cocos_Section/CocosCricketX/assets/CricketX/cricket8.png.
04-05-2026 16:08:20-log: UUID is initialized for /Users/nandan/Desktop/NKB_games/Cocos_Section/CocosCricketX/assets/CricketX/cricket9.png.
04-05-2026 16:08:20-log: UUID is initialized for /Users/nandan/Desktop/NKB_games/Cocos_Section/CocosCricketX/assets/CricketX/cricket10.png.
04-05-2026 16:08:20-log: UUID is initialized for /Users/nandan/Desktop/NKB_games/Cocos_Section/CocosCricketX/assets/CricketX/cricket2.png.
04-05-2026 16:08:20-log: UUID is initialized for /Users/nandan/Desktop/NKB_games/Cocos_Section/CocosCricketX/assets/CricketX/cricket3.png.
04-05-2026 16:08:20-log: UUID is initialized for /Users/nandan/Desktop/NKB_games/Cocos_Section/CocosCricketX/assets/CricketX/cricket4.png.
04-05-2026 16:08:20-debug: Run asset db hook engine-extends:afterStartDB ...
04-05-2026 16:08:20-debug: recompile effect.bin success
04-05-2026 16:08:20-debug: Run asset db hook engine-extends:afterStartDB success!
04-05-2026 16:08:20-debug: lazy register asset handler text
04-05-2026 16:08:20-debug: lazy register asset handler json
04-05-2026 16:08:20-debug: lazy register asset handler spine-data
04-05-2026 16:08:20-debug: lazy register asset handler dragonbones
04-05-2026 16:08:20-debug: lazy register asset handler dragonbones-atlas
04-05-2026 16:08:20-debug: lazy register asset handler terrain
04-05-2026 16:08:20-debug: lazy register asset handler javascript
04-05-2026 16:08:20-debug: lazy register asset handler typescript
04-05-2026 16:08:20-debug: lazy register asset handler scene
04-05-2026 16:08:20-debug: lazy register asset handler prefab
04-05-2026 16:08:20-debug: lazy register asset handler sprite-frame
04-05-2026 16:08:20-debug: lazy register asset handler tiled-map
04-05-2026 16:08:20-debug: lazy register asset handler buffer
04-05-2026 16:08:20-debug: lazy register asset handler image
04-05-2026 16:08:20-debug: lazy register asset handler sign-image
04-05-2026 16:08:20-debug: lazy register asset handler alpha-image
04-05-2026 16:08:20-debug: lazy register asset handler texture
04-05-2026 16:08:20-debug: lazy register asset handler texture-cube
04-05-2026 16:08:20-debug: lazy register asset handler erp-texture-cube
04-05-2026 16:08:20-debug: lazy register asset handler render-texture
04-05-2026 16:08:20-debug: lazy register asset handler texture-cube-face
04-05-2026 16:08:20-debug: lazy register asset handler rt-sprite-frame
04-05-2026 16:08:20-debug: lazy register asset handler gltf
04-05-2026 16:08:20-debug: lazy register asset handler gltf-mesh
04-05-2026 16:08:20-debug: lazy register asset handler gltf-animation
04-05-2026 16:08:20-debug: lazy register asset handler gltf-skeleton
04-05-2026 16:08:20-debug: lazy register asset handler gltf-material
04-05-2026 16:08:20-debug: lazy register asset handler gltf-scene
04-05-2026 16:08:20-debug: lazy register asset handler gltf-embeded-image
04-05-2026 16:08:20-debug: lazy register asset handler fbx
04-05-2026 16:08:20-debug: lazy register asset handler material
04-05-2026 16:08:20-debug: lazy register asset handler physics-material
04-05-2026 16:08:20-debug: lazy register asset handler effect
04-05-2026 16:08:20-debug: lazy register asset handler effect-header
04-05-2026 16:08:20-debug: lazy register asset handler audio-clip
04-05-2026 16:08:20-debug: lazy register asset handler animation-clip
04-05-2026 16:08:20-debug: lazy register asset handler animation-graph
04-05-2026 16:08:20-debug: lazy register asset handler animation-graph-variant
04-05-2026 16:08:20-debug: lazy register asset handler animation-mask
04-05-2026 16:08:20-debug: lazy register asset handler ttf-font
04-05-2026 16:08:20-debug: lazy register asset handler bitmap-font
04-05-2026 16:08:20-debug: lazy register asset handler *
04-05-2026 16:08:20-debug: lazy register asset handler sprite-atlas
04-05-2026 16:08:20-debug: lazy register asset handler label-atlas
04-05-2026 16:08:20-debug: lazy register asset handler render-pipeline
04-05-2026 16:08:20-debug: lazy register asset handler render-stage
04-05-2026 16:08:20-debug: lazy register asset handler render-flow
04-05-2026 16:08:20-debug: lazy register asset handler instantiation-material
04-05-2026 16:08:20-debug: lazy register asset handler auto-atlas
04-05-2026 16:08:20-debug: lazy register asset handler instantiation-mesh
04-05-2026 16:08:20-debug: [Assets Memory track]: asset-db:worker-init: startup start:277.04MB, end 321.11MB, increase: 44.07MB
04-05-2026 16:08:20-debug: lazy register asset handler instantiation-animation
04-05-2026 16:08:20-debug: lazy register asset handler video-clip
04-05-2026 16:08:20-debug: lazy register asset handler directory
04-05-2026 16:08:20-debug: lazy register asset handler instantiation-skeleton
04-05-2026 16:08:20-debug: lazy register asset handler particle
04-05-2026 16:08:20-debug: asset-db:worker-effect-data-processing (149ms)
04-05-2026 16:08:20-debug: asset-db-hook-engine-extends-afterStartDB (149ms)
04-05-2026 16:08:20-debug: asset-db:start-database (1021ms)
04-05-2026 16:08:20-debug: asset-db:ready (4095ms)
04-05-2026 16:08:20-debug: init worker message success
04-05-2026 16:08:20-debug: programming:execute-script (3ms)
04-05-2026 16:08:21-debug: [Build Memory track]: builder:worker-init start:318.44MB, end 328.49MB, increase: 10.05MB
04-05-2026 16:08:21-debug: builder:worker-init (480ms)
04-05-2026 16:08:21-debug: Query all assets info in project
04-05-2026 16:08:21-debug: init custom config: keepNodeUuid: false, useCache: true
04-05-2026 16:08:21-debug: Skip compress image, progress: 0%
04-05-2026 16:08:21-debug: Init all bundles start..., progress: 0%
04-05-2026 16:08:21-debug: Num of bundles: 2..., progress: 0%
04-05-2026 16:08:21-debug: // ---- build task Query asset bundle ----
04-05-2026 16:08:21-debug: Query asset bundle start, progress: 0%
04-05-2026 16:08:21-debug: Init bundle root assets start..., progress: 0%
04-05-2026 16:08:21-debug: Query preload assets/scripts from cc.config.json: 60f7195c-ec2a-45eb-ba94-8955f60e81d0,1c02ae6f-4492-4915-b8f8-7492a3b1e4cd,810e96e4-e456-4468-9b59-f4e8f39732c0,efe8e2a3-eace-427b-b4f1-cb8a937ec77d,e9aa9a3e-5b2b-4ac7-a2c7-073de2b2b24f,8bbdbcdd-5cd4-4100-b6d5-b7c9625b6107,50f4348b-c883-4e2f-8f11-ce233b859fa1,fda095cb-831d-4601-ad94-846013963de8,f92806d7-1768-443f-afe8-12bcde84d0f0,dd3a144d-ab7f-41f0-82b8-2e43a090d496,f0416e68-0200-4b77-a926-4f9d16e494da,970b0598-bcb0-4714-91fb-2e81440dccd8,bcd64cc6-2dd9-43f6-abbe-66318d332032,d930590d-bb92-4cc8-8bd1-23cd027f9edf,a3cd009f-0ab0-420d-9278-b9fdab939bbc,6a2d0734-bd9e-4ddf-946e-caa52498cb75,c27215d8-6835-4b68-bfbb-bdeac6100c04,b5d6115f-0370-4d7c-aad3-c194cc71cf98,871c3b6c-7379-419d-bda3-794b239ab90d,ff9b0199-ce04-4cfe-86cc-6c719f08d6e4,de1c2107-70c8-4021-8459-6399f24d01c6,cbf30902-517f-40dc-af90-a550bac27cf1,5c601d96-e4c7-4698-991b-7ee674b11079
04-05-2026 16:08:21-debug:   Number of other assets: 343
04-05-2026 16:08:21-debug:   Number of all scenes: 1
04-05-2026 16:08:21-debug: Init bundle root assets success..., progress: 0%
04-05-2026 16:08:21-debug:   Number of all scripts: 10
04-05-2026 16:08:21-debug: // ---- build task Query asset bundle ---- (4ms)
04-05-2026 16:08:21-debug: [Build Memory track]: Query asset bundle start:332.68MB, end 333.00MB, increase: 322.01KB
04-05-2026 16:08:21-log: run build task Query asset bundle success in 4 ms√, progress: 5%
04-05-2026 16:08:21-debug: Query asset bundle start, progress: 5%
04-05-2026 16:08:21-debug: // ---- build task Query asset bundle ----
04-05-2026 16:08:21-debug: [Build Memory track]: Query asset bundle start:333.45MB, end 333.16MB, increase: -293.84KB
04-05-2026 16:08:21-log: run build task Query asset bundle success in 2 ms√, progress: 10%
04-05-2026 16:08:21-debug: // ---- build task Query asset bundle ---- (2ms)
04-05-2026 16:08:21-debug: Sort some build options to settings.json start, progress: 10%
04-05-2026 16:08:21-debug: // ---- build task Sort some build options to settings.json ----
04-05-2026 16:08:21-log: run build task Sort some build options to settings.json success in √, progress: 12%
04-05-2026 16:08:21-debug: [Build Memory track]: Sort some build options to settings.json start:333.20MB, end 333.22MB, increase: 19.30KB
04-05-2026 16:08:21-debug: // ---- build task Fill script data to settings ----
04-05-2026 16:08:21-debug: Fill script data to settings start, progress: 12%
04-05-2026 16:08:21-log: run build task Fill script data to settings success in 2 ms√, progress: 13%
04-05-2026 16:08:21-debug: [Build Memory track]: Fill script data to settings start:333.25MB, end 333.29MB, increase: 37.74KB
04-05-2026 16:08:21-debug: Sort some build options to settings.json start, progress: 13%
04-05-2026 16:08:21-debug: // ---- build task Sort some build options to settings.json ----
04-05-2026 16:08:21-debug: // ---- build task Fill script data to settings ---- (2ms)
04-05-2026 16:08:21-debug: // ---- build task Sort some build options to settings.json ---- (5ms)
04-05-2026 16:08:21-log: run build task Sort some build options to settings.json success in 5 ms√, progress: 15%
04-05-2026 16:08:21-debug: [Build Memory track]: Sort some build options to settings.json start:333.32MB, end 333.48MB, increase: 157.35KB
04-05-2026 16:08:21-debug: Query all assets info in project
04-05-2026 16:08:21-debug: init custom config: keepNodeUuid: false, useCache: true
04-05-2026 16:08:21-debug: Skip compress image, progress: 0%
04-05-2026 16:08:21-debug: Init all bundles start..., progress: 0%
04-05-2026 16:08:21-debug: Num of bundles: 2..., progress: 0%
04-05-2026 16:08:21-debug: Query asset bundle start, progress: 0%
04-05-2026 16:08:21-debug: // ---- build task Query asset bundle ----
04-05-2026 16:08:21-debug: Init bundle root assets start..., progress: 0%
04-05-2026 16:08:21-debug: Query preload assets/scripts from cc.config.json: 60f7195c-ec2a-45eb-ba94-8955f60e81d0,1c02ae6f-4492-4915-b8f8-7492a3b1e4cd,810e96e4-e456-4468-9b59-f4e8f39732c0,efe8e2a3-eace-427b-b4f1-cb8a937ec77d,e9aa9a3e-5b2b-4ac7-a2c7-073de2b2b24f,8bbdbcdd-5cd4-4100-b6d5-b7c9625b6107,50f4348b-c883-4e2f-8f11-ce233b859fa1,fda095cb-831d-4601-ad94-846013963de8,f92806d7-1768-443f-afe8-12bcde84d0f0,dd3a144d-ab7f-41f0-82b8-2e43a090d496,f0416e68-0200-4b77-a926-4f9d16e494da,970b0598-bcb0-4714-91fb-2e81440dccd8,bcd64cc6-2dd9-43f6-abbe-66318d332032,d930590d-bb92-4cc8-8bd1-23cd027f9edf,a3cd009f-0ab0-420d-9278-b9fdab939bbc,6a2d0734-bd9e-4ddf-946e-caa52498cb75,c27215d8-6835-4b68-bfbb-bdeac6100c04,b5d6115f-0370-4d7c-aad3-c194cc71cf98,871c3b6c-7379-419d-bda3-794b239ab90d,ff9b0199-ce04-4cfe-86cc-6c719f08d6e4,de1c2107-70c8-4021-8459-6399f24d01c6,cbf30902-517f-40dc-af90-a550bac27cf1,5c601d96-e4c7-4698-991b-7ee674b11079
04-05-2026 16:08:21-debug:   Number of all scenes: 1
04-05-2026 16:08:21-debug:   Number of all scripts: 10
04-05-2026 16:08:21-debug:   Number of other assets: 343
04-05-2026 16:08:21-debug: Init bundle root assets success..., progress: 0%
04-05-2026 16:08:21-debug: // ---- build task Query asset bundle ---- (4ms)
04-05-2026 16:08:21-debug: [Build Memory track]: Query asset bundle start:329.68MB, end 330.30MB, increase: 633.61KB
04-05-2026 16:08:21-log: run build task Query asset bundle success in 4 ms√, progress: 5%
04-05-2026 16:08:21-debug: Query asset bundle start, progress: 5%
04-05-2026 16:08:21-debug: // ---- build task Query asset bundle ----
04-05-2026 16:08:21-debug: // ---- build task Query asset bundle ---- (2ms)
04-05-2026 16:08:21-debug: [Build Memory track]: Query asset bundle start:330.33MB, end 330.45MB, increase: 117.35KB
04-05-2026 16:08:21-debug: // ---- build task Sort some build options to settings.json ----
04-05-2026 16:08:21-debug: Sort some build options to settings.json start, progress: 10%
04-05-2026 16:08:21-debug: Fill script data to settings start, progress: 12%
04-05-2026 16:08:21-debug: // ---- build task Fill script data to settings ----
04-05-2026 16:08:21-log: run build task Sort some build options to settings.json success in √, progress: 12%
04-05-2026 16:08:21-debug: [Build Memory track]: Sort some build options to settings.json start:331.12MB, end 330.51MB, increase: -626.36KB
04-05-2026 16:08:21-log: run build task Query asset bundle success in 2 ms√, progress: 10%
04-05-2026 16:08:21-debug: // ---- build task Fill script data to settings ---- (3ms)
04-05-2026 16:08:21-debug: Sort some build options to settings.json start, progress: 13%
04-05-2026 16:08:21-debug: [Build Memory track]: Fill script data to settings start:330.54MB, end 331.20MB, increase: 678.90KB
04-05-2026 16:08:21-log: run build task Fill script data to settings success in 3 ms√, progress: 13%
04-05-2026 16:08:21-debug: // ---- build task Sort some build options to settings.json ----
04-05-2026 16:08:21-debug: // ---- build task Sort some build options to settings.json ---- (7ms)
04-05-2026 16:08:21-log: run build task Sort some build options to settings.json success in 7 ms√, progress: 15%
04-05-2026 16:08:22-debug: [Build Memory track]: Sort some build options to settings.json start:330.62MB, end 330.75MB, increase: 134.69KB
04-05-2026 16:08:33-debug: Query all assets info in project
04-05-2026 16:08:33-debug: Skip compress image, progress: 0%
04-05-2026 16:08:33-debug: init custom config: keepNodeUuid: false, useCache: true
04-05-2026 16:08:33-debug: Init all bundles start..., progress: 0%
04-05-2026 16:08:33-debug: Num of bundles: 2..., progress: 0%
04-05-2026 16:08:33-debug: // ---- build task Query asset bundle ----
04-05-2026 16:08:33-debug: Init bundle root assets start..., progress: 0%
04-05-2026 16:08:33-debug: Query asset bundle start, progress: 0%
04-05-2026 16:08:33-debug: Query preload assets/scripts from cc.config.json: 60f7195c-ec2a-45eb-ba94-8955f60e81d0,1c02ae6f-4492-4915-b8f8-7492a3b1e4cd,810e96e4-e456-4468-9b59-f4e8f39732c0,efe8e2a3-eace-427b-b4f1-cb8a937ec77d,e9aa9a3e-5b2b-4ac7-a2c7-073de2b2b24f,8bbdbcdd-5cd4-4100-b6d5-b7c9625b6107,50f4348b-c883-4e2f-8f11-ce233b859fa1,fda095cb-831d-4601-ad94-846013963de8,f92806d7-1768-443f-afe8-12bcde84d0f0,dd3a144d-ab7f-41f0-82b8-2e43a090d496,f0416e68-0200-4b77-a926-4f9d16e494da,970b0598-bcb0-4714-91fb-2e81440dccd8,bcd64cc6-2dd9-43f6-abbe-66318d332032,d930590d-bb92-4cc8-8bd1-23cd027f9edf,a3cd009f-0ab0-420d-9278-b9fdab939bbc,6a2d0734-bd9e-4ddf-946e-caa52498cb75,c27215d8-6835-4b68-bfbb-bdeac6100c04,b5d6115f-0370-4d7c-aad3-c194cc71cf98,871c3b6c-7379-419d-bda3-794b239ab90d,ff9b0199-ce04-4cfe-86cc-6c719f08d6e4,de1c2107-70c8-4021-8459-6399f24d01c6,cbf30902-517f-40dc-af90-a550bac27cf1,5c601d96-e4c7-4698-991b-7ee674b11079
04-05-2026 16:08:33-debug:   Number of other assets: 343
04-05-2026 16:08:33-debug:   Number of all scenes: 1
04-05-2026 16:08:33-debug: Init bundle root assets success..., progress: 0%
04-05-2026 16:08:33-debug:   Number of all scripts: 10
04-05-2026 16:08:33-log: run build task Query asset bundle success in 25 ms√, progress: 5%
04-05-2026 16:08:33-debug: [Build Memory track]: Query asset bundle start:222.32MB, end 221.98MB, increase: -348.77KB
04-05-2026 16:08:33-debug: // ---- build task Query asset bundle ---- (25ms)
04-05-2026 16:08:33-debug: Query asset bundle start, progress: 5%
04-05-2026 16:08:33-debug: // ---- build task Query asset bundle ----
04-05-2026 16:08:33-debug: // ---- build task Query asset bundle ---- (16ms)
04-05-2026 16:08:33-log: run build task Query asset bundle success in 16 ms√, progress: 10%
04-05-2026 16:08:33-debug: [Build Memory track]: Query asset bundle start:222.01MB, end 222.14MB, increase: 129.04KB
04-05-2026 16:08:33-debug: Sort some build options to settings.json start, progress: 10%
04-05-2026 16:08:33-debug: // ---- build task Sort some build options to settings.json ----
04-05-2026 16:08:33-debug: // ---- build task Sort some build options to settings.json ---- (4ms)
04-05-2026 16:08:33-log: run build task Sort some build options to settings.json success in 4 ms√, progress: 12%
04-05-2026 16:08:33-debug: [Build Memory track]: Sort some build options to settings.json start:222.18MB, end 222.21MB, increase: 34.06KB
04-05-2026 16:08:33-debug: Fill script data to settings start, progress: 12%
04-05-2026 16:08:33-debug: // ---- build task Fill script data to settings ----
04-05-2026 16:08:33-debug: // ---- build task Fill script data to settings ---- (4ms)
04-05-2026 16:08:33-log: run build task Fill script data to settings success in 4 ms√, progress: 13%
04-05-2026 16:08:33-debug: [Build Memory track]: Fill script data to settings start:222.24MB, end 222.27MB, increase: 30.55KB
04-05-2026 16:08:33-debug: Sort some build options to settings.json start, progress: 13%
04-05-2026 16:08:33-debug: // ---- build task Sort some build options to settings.json ----
04-05-2026 16:08:33-debug: // ---- build task Sort some build options to settings.json ---- (19ms)
04-05-2026 16:08:33-debug: [Build Memory track]: Sort some build options to settings.json start:222.31MB, end 222.44MB, increase: 138.68KB
04-05-2026 16:08:33-log: run build task Sort some build options to settings.json success in 19 ms√, progress: 15%
04-05-2026 16:08:35-debug: refresh db internal success
04-05-2026 16:08:35-debug: refresh db assets success
04-05-2026 16:08:35-debug: Run asset db hook engine-extends:afterRefresh ...
04-05-2026 16:08:35-debug: Run asset db hook engine-extends:afterRefresh success!
04-05-2026 16:08:35-debug: asset-db:refresh-all-database (40ms)
04-05-2026 16:08:35-debug: asset-db:worker-effect-data-processing (1ms)
04-05-2026 16:08:35-debug: asset-db-hook-engine-extends-afterRefresh (1ms)
